#
# There is insufficient memory for the Java Runtime Environment to continue.
# Native memory allocation (mmap) failed to map 335544320 bytes for Failed to commit area from 0x00000006c1400000 to 0x00000006d5400000 of length 335544320.
# Possible reasons:
#   The system is out of physical RAM or swap space
#   The process is running with CompressedOops enabled, and the Java Heap may be blocking the growth of the native heap
# Possible solutions:
#   Reduce memory load on the system
#   Increase physical memory or swap space
#   Check if swap backing store is full
#   Decrease Java heap size (-Xmx/-Xms)
#   Decrease number of Java threads
#   Decrease Java thread stack sizes (-Xss)
#   Set larger code cache with -XX:ReservedCodeCacheSize=
# This output file may be truncated or incomplete.
#
#  Out of Memory Error (t:/workspace/open/src/hotspot/os/windows/os_windows.cpp:3301), pid=9600, tid=18264
#
# JRE version:  (13.0.1+9) (build )
# Java VM: Java HotSpot(TM) 64-Bit Server VM (13.0.1+9, mixed mode, aot, sharing, tiered, compressed oops, g1 gc, windows-amd64)
# No core dump will be written. Minidumps are not enabled by default on client versions of Windows
#

---------------  S U M M A R Y ------------

Command Line: -Dfile.encoding=Cp1252 ip1

Host: Intel(R) Core(TM) i7-4700HQ CPU @ 2.40GHz, 8 cores, 19G,  Windows 10 , 64 bit Build 18362 (10.0.18362.329)
Time: Fri Mar 13 13:38:19 2020 Taipei Standard Time elapsed time: 0 seconds (0d 0h 0m 0s)

---------------  T H R E A D  ---------------

Current thread (0x0000024830dfa800):  JavaThread "Unknown thread" [_thread_in_vm, id=18264, stack(0x0000005646e00000,0x0000005646f00000)]

Stack: [0x0000005646e00000,0x0000005646f00000]
Native frames: (J=compiled Java code, j=interpreted, Vv=VM code, C=native code)
V  [jvm.dll+0x626eca]
V  [jvm.dll+0x772c6a]
V  [jvm.dll+0x77441f]
V  [jvm.dll+0x774a23]
V  [jvm.dll+0x24da58]
V  [jvm.dll+0x62438a]
V  [jvm.dll+0x618f75]
V  [jvm.dll+0x30c61c]
V  [jvm.dll+0x30c452]
V  [jvm.dll+0x311bc6]
V  [jvm.dll+0x355ce6]
V  [jvm.dll+0x3554c0]
V  [jvm.dll+0x2e729a]
V  [jvm.dll+0x2e8532]
V  [jvm.dll+0x74fcd8]
V  [jvm.dll+0x363739]
V  [jvm.dll+0x732dc5]
V  [jvm.dll+0x3ce2ef]
V  [jvm.dll+0x3d0611]
C  [jli.dll+0x51ff]
C  [ucrtbase.dll+0x20e72]
C  [KERNEL32.DLL+0x17bd4]
C  [ntdll.dll+0x6ced1]


---------------  P R O C E S S  ---------------

Threads class SMR info:
_java_thread_list=0x00007ff8ef3846b8, length=0, elements={
}

Java Threads: ( => current thread )

Other Threads:
  0x0000024830e75800 GCTaskThread "GC Thread#0" [stack: 0x0000005646f00000,0x0000005647000000] [id=18080]
  0x0000024830ea1000 ConcurrentGCThread "G1 Main Marker" [stack: 0x0000005647000000,0x0000005647100000] [id=19536]
  0x0000024830ea2000 ConcurrentGCThread "G1 Conc#0" [stack: 0x0000005647100000,0x0000005647200000] [id=5796]

[error occurred during error reporting (printing all threads), id 0xc0000005, EXCEPTION_ACCESS_VIOLATION (0xc0000005) at pc=0x00007ff8eebb6f67]

VM state:not at safepoint (not fully initialized)

VM Mutex/Monitor currently owned by a thread:  ([mutex/lock_event])
[0x0000024830df5080] Heap_lock - owner thread: 0x0000024830dfa800

Heap address: 0x00000006c1400000, size: 5100 MB, Compressed Oops mode: Non-zero based: 0x00000006c1400000
Narrow klass base: 0x0000000000000000, Narrow klass shift: 0

GC Heap History (0 events):
No events

Deoptimization events (0 events):
No events

Classes unloaded (0 events):
No events

Classes redefined (0 events):
No events

Internal exceptions (0 events):
No events

Events (8 events):
Event: 0.007 Loaded shared library C:\Program Files\Java\jdk-13.0.1\bin\zip.dll
Event: 0.008 Loaded shared library C:\Program Files\Java\jdk-13.0.1\bin\jimage.dll
Event: 0.009 Loading shared library C:\Program Files\Java\jdk-13.0.1\lib\libjava.base-coop.dll failed, error code 126
Event: 0.009 Loading shared library C:\Program Files\Java\jdk-13.0.1\lib\libjava.logging-coop.dll failed, error code 126
Event: 0.009 Loading shared library C:\Program Files\Java\jdk-13.0.1\lib\libjdk.compiler-coop.dll failed, error code 126
Event: 0.009 Loading shared library C:\Program Files\Java\jdk-13.0.1\lib\libjdk.scripting.nashorn-coop.dll failed, error code 126
Event: 0.009 Loading shared library C:\Program Files\Java\jdk-13.0.1\lib\libjdk.internal.vm.ci-coop.dll failed, error code 126
Event: 0.009 Loading shared library C:\Program Files\Java\jdk-13.0.1\lib\libjdk.internal.vm.compiler-coop.dll failed, error code 126


Dynamic libraries:
0x00007ff6d0960000 - 0x00007ff6d096f000 	C:\Program Files\Java\jdk-13.0.1\bin\javaw.exe
0x00007ff925060000 - 0x00007ff925250000 	C:\Windows\SYSTEM32\ntdll.dll
0x00007ff923870000 - 0x00007ff923922000 	C:\Windows\System32\KERNEL32.DLL
0x00007ff922e30000 - 0x00007ff9230d3000 	C:\Windows\System32\KERNELBASE.dll
0x00007ff922d30000 - 0x00007ff922e2a000 	C:\Windows\System32\ucrtbase.dll
0x00007ff91d120000 - 0x00007ff91d135000 	C:\Program Files\Java\jdk-13.0.1\bin\VCRUNTIME140.dll
0x00007ff9200e0000 - 0x00007ff9200f8000 	C:\Program Files\Java\jdk-13.0.1\bin\jli.dll
0x00007ff9237c0000 - 0x00007ff923863000 	C:\Windows\System32\ADVAPI32.dll
0x00007ff9246f0000 - 0x00007ff92478e000 	C:\Windows\System32\msvcrt.dll
0x00007ff924470000 - 0x00007ff924507000 	C:\Windows\System32\sechost.dll
0x00007ff923cb0000 - 0x00007ff923dd0000 	C:\Windows\System32\RPCRT4.dll
0x00007ff9232e0000 - 0x00007ff923474000 	C:\Windows\System32\USER32.dll
0x00007ff922d00000 - 0x00007ff922d21000 	C:\Windows\System32\win32u.dll
0x00007ff911190000 - 0x00007ff911415000 	C:\Windows\WinSxS\amd64_microsoft.windows.common-controls_6595b64144ccf1df_6.0.18362.719_none_e6c7b883130c6729\COMCTL32.dll
0x00007ff924790000 - 0x00007ff9247b6000 	C:\Windows\System32\GDI32.dll
0x00007ff923480000 - 0x00007ff9237b6000 	C:\Windows\System32\combase.dll
0x00007ff922a10000 - 0x00007ff922ba4000 	C:\Windows\System32\gdi32full.dll
0x00007ff9220c0000 - 0x00007ff922140000 	C:\Windows\System32\bcryptPrimitives.dll
0x00007ff922bb0000 - 0x00007ff922c4e000 	C:\Windows\System32\msvcp_win.dll
0x00007ff91b360000 - 0x00007ff91b36a000 	C:\Windows\SYSTEM32\VERSION.dll
0x00007ff924900000 - 0x00007ff92492e000 	C:\Windows\System32\IMM32.DLL
0x00007ff90a000000 - 0x00007ff90a09b000 	C:\Program Files\Java\jdk-13.0.1\bin\msvcp140.dll
0x00007ff8ee8c0000 - 0x00007ff8ef426000 	C:\Program Files\Java\jdk-13.0.1\bin\server\jvm.dll
0x00007ff924310000 - 0x00007ff924318000 	C:\Windows\System32\PSAPI.DLL
0x00007ff915ca0000 - 0x00007ff915ca9000 	C:\Windows\SYSTEM32\WSOCK32.dll
0x00007ff91fa80000 - 0x00007ff91faa4000 	C:\Windows\SYSTEM32\WINMM.dll
0x00007ff923dd0000 - 0x00007ff923e3f000 	C:\Windows\System32\WS2_32.dll
0x00007ff91fa50000 - 0x00007ff91fa7d000 	C:\Windows\SYSTEM32\WINMMBASE.dll
0x00007ff922c50000 - 0x00007ff922c9a000 	C:\Windows\System32\cfgmgr32.dll
0x00007ff921f30000 - 0x00007ff921f41000 	C:\Windows\System32\kernel.appcore.dll
0x00007ff910280000 - 0x00007ff910290000 	C:\Program Files\Java\jdk-13.0.1\bin\verify.dll
0x00007ff90c380000 - 0x00007ff90c574000 	C:\Windows\SYSTEM32\DBGHELP.DLL
0x00007ff90bd60000 - 0x00007ff90bd8a000 	C:\Windows\SYSTEM32\dbgcore.DLL
0x00007ff8f20d0000 - 0x00007ff8f20f6000 	C:\Program Files\Java\jdk-13.0.1\bin\java.dll
0x00007ff9025f0000 - 0x00007ff902607000 	C:\Program Files\Java\jdk-13.0.1\bin\zip.dll
0x00007ff910250000 - 0x00007ff91025a000 	C:\Program Files\Java\jdk-13.0.1\bin\jimage.dll

dbghelp: loaded successfully - version: 4.0.5 - missing functions: none
symbol engine: initialized successfully - sym options: 0x614 - pdb path: .;C:\Program Files\Java\jdk-13.0.1\bin;C:\Windows\SYSTEM32;C:\Windows\WinSxS\amd64_microsoft.windows.common-controls_6595b64144ccf1df_6.0.18362.719_none_e6c7b883130c6729;C:\Program Files\Java\jdk-13.0.1\bin\server

VM Arguments:
jvm_args: -Dfile.encoding=Cp1252 
java_command: ip1
java_class_path (initial): C:\Users\kiero\eclipse-workspace\finals\bin;C:\Users\kiero\Desktop\mysql-connector.jar
Launcher Type: SUN_STANDARD

[Global flags]
     intx CICompilerCount                          = 4                                         {product} {ergonomic}
     uint ConcGCThreads                            = 2                                         {product} {ergonomic}
     uint G1ConcRefinementThreads                  = 8                                         {product} {ergonomic}
   size_t G1HeapRegionSize                         = 1048576                                   {product} {ergonomic}
    uintx GCDrainStackTargetSize                   = 64                                        {product} {ergonomic}
   size_t InitialHeapSize                          = 335544320                                 {product} {ergonomic}
   size_t MarkStackSize                            = 4194304                                   {product} {ergonomic}
   size_t MaxHeapSize                              = 5347737600                                {product} {ergonomic}
   size_t MinHeapDeltaBytes                        = 1048576                                   {product} {ergonomic}
   size_t MinHeapSize                              = 8388608                                   {product} {ergonomic}
    uintx NonNMethodCodeHeapSize                   = 5836300                                {pd product} {ergonomic}
    uintx NonProfiledCodeHeapSize                  = 122910970                              {pd product} {ergonomic}
    uintx ProfiledCodeHeapSize                     = 122910970                              {pd product} {ergonomic}
    uintx ReservedCodeCacheSize                    = 251658240                              {pd product} {ergonomic}
     bool SegmentedCodeCache                       = true                                      {product} {ergonomic}
   size_t SoftMaxHeapSize                          = 5347737600                             {manageable} {ergonomic}
     bool UseCompressedClassPointers               = true                                 {lp64_product} {ergonomic}
     bool UseCompressedOops                        = true                                 {lp64_product} {ergonomic}
     bool UseG1GC                                  = true                                      {product} {ergonomic}
     bool UseLargePagesIndividualAllocation        = false                                  {pd product} {ergonomic}

Logging:
Log output configuration:
 #0: stdout all=warning uptime,level,tags
 #1: stderr all=off uptime,level,tags

Environment Variables:
PATH=C:/Program Files/Java/jdk-13.0.1/bin/server;C:/Program Files/Java/jdk-13.0.1/bin;D:\app\kiero\product\11.2.0\client_1;C:\Windows\system32;C:\Windows;C:\Windows\System32\Wbem;C:\Windows\System32\WindowsPowerShell\v1.0\;C:\Windows\System32\OpenSSH\;C:\Program Files (x86)\NVIDIA Corporation\PhysX\Common;C:\Program Files\NVIDIA Corporation\NVIDIA NvDLISR;C:\Users\kiero\AppData\Local\Microsoft\WindowsApps;;C:\Windows\System32;
USERNAME=kiero
OS=Windows_NT
PROCESSOR_IDENTIFIER=Intel64 Family 6 Model 60 Stepping 3, GenuineIntel



---------------  S Y S T E M  ---------------

OS: Windows 10 , 64 bit Build 18362 (10.0.18362.329)

CPU:total 8 (initial active 8) (4 cores per cpu, 2 threads per core) family 6 model 60 stepping 3, cmov, cx8, fxsr, mmx, sse, sse2, sse3, ssse3, sse4.1, sse4.2, popcnt, avx, avx2, aes, clmul, erms, lzcnt, ht, tsc, tscinvbit, bmi1, bmi2, fma

Memory: 4k page, system-wide physical 20397M (9590M free)
TotalPageFile size 49014M (AvailPageFile size 62M)
current process WorkingSet (physical memory assigned to process): 10M, peak: 10M
current process commit charge ("private bytes"): 61M, peak: 381M

vm_info: Java HotSpot(TM) 64-Bit Server VM (13.0.1+9) for windows-amd64 JRE (13.0.1+9), built on Oct  6 2019 12:37:49 by "mach5one" with unknown MS VC++:1916

END.
