#
# There is insufficient memory for the Java Runtime Environment to continue.
# Native memory allocation (mmap) failed to map 335544320 bytes for Failed to commit area from 0x00000006c1400000 to 0x00000006d5400000 of length 335544320.
# Possible reasons:
#   The system is out of physical RAM or swap space
#   The process is running with CompressedOops enabled, and the Java Heap may be blocking the growth of the native heap
# Possible solutions:
#   Reduce memory load on the system
#   Increase physical memory or swap space
#   Check if swap backing store is full
#   Decrease Java heap size (-Xmx/-Xms)
#   Decrease number of Java threads
#   Decrease Java thread stack sizes (-Xss)
#   Set larger code cache with -XX:ReservedCodeCacheSize=
# This output file may be truncated or incomplete.
#
#  Out of Memory Error (t:/workspace/open/src/hotspot/os/windows/os_windows.cpp:3301), pid=18092, tid=21820
#
# JRE version:  (13.0.1+9) (build )
# Java VM: Java HotSpot(TM) 64-Bit Server VM (13.0.1+9, mixed mode, aot, sharing, tiered, compressed oops, g1 gc, windows-amd64)
# No core dump will be written. Minidumps are not enabled by default on client versions of Windows
#

---------------  S U M M A R Y ------------

Command Line: -Dfile.encoding=Cp1252 firstpage

Host: Intel(R) Core(TM) i7-4700HQ CPU @ 2.40GHz, 8 cores, 19G,  Windows 10 , 64 bit Build 18362 (10.0.18362.329)
Time: Wed Mar 18 13:12:15 2020 Taipei Standard Time elapsed time: 0 seconds (0d 0h 0m 0s)

---------------  T H R E A D  ---------------

Current thread (0x000001c86dc8b800):  JavaThread "Unknown thread" [_thread_in_vm, id=21820, stack(0x0000002390500000,0x0000002390600000)]

Stack: [0x0000002390500000,0x0000002390600000]
Native frames: (J=compiled Java code, j=interpreted, Vv=VM code, C=native code)
V  [jvm.dll+0x626eca]
V  [jvm.dll+0x772c6a]
V  [jvm.dll+0x77441f]
V  [jvm.dll+0x774a23]
V  [jvm.dll+0x24da58]
V  [jvm.dll+0x62438a]
V  [jvm.dll+0x618f75]
V  [jvm.dll+0x30c61c]
V  [jvm.dll+0x30c452]
V  [jvm.dll+0x311bc6]
V  [jvm.dll+0x355ce6]
V  [jvm.dll+0x3554c0]
V  [jvm.dll+0x2e729a]
V  [jvm.dll+0x2e8532]
V  [jvm.dll+0x74fcd8]
V  [jvm.dll+0x363739]
V  [jvm.dll+0x732dc5]
V  [jvm.dll+0x3ce2ef]
V  [jvm.dll+0x3d0611]
C  [jli.dll+0x51ff]
C  [ucrtbase.dll+0x20e72]
C  [KERNEL32.DLL+0x17bd4]
C  [ntdll.dll+0x6ced1]


---------------  P R O C E S S  ---------------

Threads class SMR info:
_java_thread_list=0x00007ffde33646b8, length=0, elements={
}

Java Threads: ( => current thread )

Other Threads:
  0x000001c86dd08000 GCTaskThread "GC Thread#0" [stack: 0x0000002390600000,0x0000002390700000] [id=18412]
  0x000001c86dd32800 ConcurrentGCThread "G1 Main Marker" [stack: 0x0000002390700000,0x0000002390800000] [id=9960]
  0x000001c86dd34000 ConcurrentGCThread "G1 Conc#0" [stack: 0x0000002390800000,0x0000002390900000] [id=20904]

[error occurred during error reporting (printing all threads), id 0xc0000005, EXCEPTION_ACCESS_VIOLATION (0xc0000005) at pc=0x00007ffde2b96f67]

VM state:not at safepoint (not fully initialized)

VM Mutex/Monitor currently owned by a thread:  ([mutex/lock_event])
[0x000001c86dc880a0] Heap_lock - owner thread: 0x000001c86dc8b800

Heap address: 0x00000006c1400000, size: 5100 MB, Compressed Oops mode: Non-zero based: 0x00000006c1400000
Narrow klass base: 0x0000000000000000, Narrow klass shift: 0

GC Heap History (0 events):
No events

Deoptimization events (0 events):
No events

Classes unloaded (0 events):
No events

Classes redefined (0 events):
No events

Internal exceptions (0 events):
No events

Events (8 events):
Event: 0.009 Loaded shared library C:\Program Files\Java\jdk-13.0.1\bin\zip.dll
Event: 0.009 Loaded shared library C:\Program Files\Java\jdk-13.0.1\bin\jimage.dll
Event: 0.012 Loading shared library C:\Program Files\Java\jdk-13.0.1\lib\libjava.base-coop.dll failed, error code 126
Event: 0.012 Loading shared library C:\Program Files\Java\jdk-13.0.1\lib\libjava.logging-coop.dll failed, error code 126
Event: 0.012 Loading shared library C:\Program Files\Java\jdk-13.0.1\lib\libjdk.compiler-coop.dll failed, error code 126
Event: 0.012 Loading shared library C:\Program Files\Java\jdk-13.0.1\lib\libjdk.scripting.nashorn-coop.dll failed, error code 126
Event: 0.012 Loading shared library C:\Program Files\Java\jdk-13.0.1\lib\libjdk.internal.vm.ci-coop.dll failed, error code 126
Event: 0.012 Loading shared library C:\Program Files\Java\jdk-13.0.1\lib\libjdk.internal.vm.compiler-coop.dll failed, error code 126


Dynamic libraries:
0x00007ff633500000 - 0x00007ff63350f000 	C:\Program Files\Java\jdk-13.0.1\bin\javaw.exe
0x00007ffe3b680000 - 0x00007ffe3b870000 	C:\Windows\SYSTEM32\ntdll.dll
0x00007ffe3b0e0000 - 0x00007ffe3b192000 	C:\Windows\System32\KERNEL32.DLL
0x00007ffe38610000 - 0x00007ffe388b3000 	C:\Windows\System32\KERNELBASE.dll
0x00007ffe393c0000 - 0x00007ffe394ba000 	C:\Windows\System32\ucrtbase.dll
0x00007ffe209e0000 - 0x00007ffe209f8000 	C:\Program Files\Java\jdk-13.0.1\bin\jli.dll
0x00007ffe25220000 - 0x00007ffe25235000 	C:\Program Files\Java\jdk-13.0.1\bin\VCRUNTIME140.dll
0x00007ffe3ab30000 - 0x00007ffe3abd3000 	C:\Windows\System32\ADVAPI32.dll
0x00007ffe3a750000 - 0x00007ffe3a7ee000 	C:\Windows\System32\msvcrt.dll
0x00007ffe3ae50000 - 0x00007ffe3aee7000 	C:\Windows\System32\sechost.dll
0x00007ffe39900000 - 0x00007ffe39a20000 	C:\Windows\System32\RPCRT4.dll
0x00007ffe3acb0000 - 0x00007ffe3ae44000 	C:\Windows\System32\USER32.dll
0x00007ffe37a50000 - 0x00007ffe37cd5000 	C:\Windows\WinSxS\amd64_microsoft.windows.common-controls_6595b64144ccf1df_6.0.18362.720_none_e6beb5c51314836b\COMCTL32.dll
0x00007ffe39040000 - 0x00007ffe39061000 	C:\Windows\System32\win32u.dll
0x00007ffe3b1a0000 - 0x00007ffe3b1c6000 	C:\Windows\System32\GDI32.dll
0x00007ffe39c50000 - 0x00007ffe39f86000 	C:\Windows\System32\combase.dll
0x00007ffe394f0000 - 0x00007ffe39684000 	C:\Windows\System32\gdi32full.dll
0x00007ffe39340000 - 0x00007ffe393c0000 	C:\Windows\System32\bcryptPrimitives.dll
0x00007ffe39690000 - 0x00007ffe3972e000 	C:\Windows\System32\msvcp_win.dll
0x00007ffe311b0000 - 0x00007ffe311ba000 	C:\Windows\SYSTEM32\VERSION.dll
0x00007ffe3aa10000 - 0x00007ffe3aa3e000 	C:\Windows\System32\IMM32.DLL
0x00007ffe20940000 - 0x00007ffe209db000 	C:\Program Files\Java\jdk-13.0.1\bin\msvcp140.dll
0x00007ffde28a0000 - 0x00007ffde3406000 	C:\Program Files\Java\jdk-13.0.1\bin\server\jvm.dll
0x00007ffe39f90000 - 0x00007ffe39f98000 	C:\Windows\System32\PSAPI.DLL
0x00007ffe35890000 - 0x00007ffe358b4000 	C:\Windows\SYSTEM32\WINMM.dll
0x00007ffe10ad0000 - 0x00007ffe10ad9000 	C:\Windows\SYSTEM32\WSOCK32.dll
0x00007ffe3a9a0000 - 0x00007ffe3aa0f000 	C:\Windows\System32\WS2_32.dll
0x00007ffe35860000 - 0x00007ffe3588d000 	C:\Windows\SYSTEM32\WINMMBASE.dll
0x00007ffe390f0000 - 0x00007ffe3913a000 	C:\Windows\System32\cfgmgr32.dll
0x00007ffe385d0000 - 0x00007ffe385e1000 	C:\Windows\System32\kernel.appcore.dll
0x00007ffe0ffa0000 - 0x00007ffe0ffb0000 	C:\Program Files\Java\jdk-13.0.1\bin\verify.dll
0x00007ffe38060000 - 0x00007ffe38254000 	C:\Windows\SYSTEM32\DBGHELP.DLL
0x00007ffe37dd0000 - 0x00007ffe37dfa000 	C:\Windows\SYSTEM32\dbgcore.DLL
0x00007ffe05c10000 - 0x00007ffe05c36000 	C:\Program Files\Java\jdk-13.0.1\bin\java.dll
0x00007ffe05ef0000 - 0x00007ffe05f07000 	C:\Program Files\Java\jdk-13.0.1\bin\zip.dll
0x00007ffe0fda0000 - 0x00007ffe0fdaa000 	C:\Program Files\Java\jdk-13.0.1\bin\jimage.dll

dbghelp: loaded successfully - version: 4.0.5 - missing functions: none
symbol engine: initialized successfully - sym options: 0x614 - pdb path: .;C:\Program Files\Java\jdk-13.0.1\bin;C:\Windows\SYSTEM32;C:\Windows\WinSxS\amd64_microsoft.windows.common-controls_6595b64144ccf1df_6.0.18362.720_none_e6beb5c51314836b;C:\Program Files\Java\jdk-13.0.1\bin\server

VM Arguments:
jvm_args: -Dfile.encoding=Cp1252 
java_command: firstpage
java_class_path (initial): C:\Users\kiero\eclipse-workspace\finals\bin;C:\Users\kiero\Desktop\mysql-connector.jar
Launcher Type: SUN_STANDARD

[Global flags]
     intx CICompilerCount                          = 4                                         {product} {ergonomic}
     uint ConcGCThreads                            = 2                                         {product} {ergonomic}
     uint G1ConcRefinementThreads                  = 8                                         {product} {ergonomic}
   size_t G1HeapRegionSize                         = 1048576                                   {product} {ergonomic}
    uintx GCDrainStackTargetSize                   = 64                                        {product} {ergonomic}
   size_t InitialHeapSize                          = 335544320                                 {product} {ergonomic}
   size_t MarkStackSize                            = 4194304                                   {product} {ergonomic}
   size_t MaxHeapSize                              = 5347737600                                {product} {ergonomic}
   size_t MinHeapDeltaBytes                        = 1048576                                   {product} {ergonomic}
   size_t MinHeapSize                              = 8388608                                   {product} {ergonomic}
    uintx NonNMethodCodeHeapSize                   = 5836300                                {pd product} {ergonomic}
    uintx NonProfiledCodeHeapSize                  = 122910970                              {pd product} {ergonomic}
    uintx ProfiledCodeHeapSize                     = 122910970                              {pd product} {ergonomic}
    uintx ReservedCodeCacheSize                    = 251658240                              {pd product} {ergonomic}
     bool SegmentedCodeCache                       = true                                      {product} {ergonomic}
   size_t SoftMaxHeapSize                          = 5347737600                             {manageable} {ergonomic}
     bool UseCompressedClassPointers               = true                                 {lp64_product} {ergonomic}
     bool UseCompressedOops                        = true                                 {lp64_product} {ergonomic}
     bool UseG1GC                                  = true                                      {product} {ergonomic}
     bool UseLargePagesIndividualAllocation        = false                                  {pd product} {ergonomic}

Logging:
Log output configuration:
 #0: stdout all=warning uptime,level,tags
 #1: stderr all=off uptime,level,tags

Environment Variables:
PATH=C:/Program Files/Java/jdk-13.0.1/bin/server;C:/Program Files/Java/jdk-13.0.1/bin;D:\app\kiero\product\11.2.0\client_1;C:\Windows\system32;C:\Windows;C:\Windows\System32\Wbem;C:\Windows\System32\WindowsPowerShell\v1.0\;C:\Windows\System32\OpenSSH\;C:\Program Files (x86)\NVIDIA Corporation\PhysX\Common;C:\Program Files\NVIDIA Corporation\NVIDIA NvDLISR;C:\Users\kiero\AppData\Local\Microsoft\WindowsApps;;C:\Windows\system32;
USERNAME=kiero
OS=Windows_NT
PROCESSOR_IDENTIFIER=Intel64 Family 6 Model 60 Stepping 3, GenuineIntel



---------------  S Y S T E M  ---------------

OS: Windows 10 , 64 bit Build 18362 (10.0.18362.329)

CPU:total 8 (initial active 8) (4 cores per cpu, 2 threads per core) family 6 model 60 stepping 3, cmov, cx8, fxsr, mmx, sse, sse2, sse3, ssse3, sse4.1, sse4.2, popcnt, avx, avx2, aes, clmul, erms, lzcnt, ht, tsc, tscinvbit, bmi1, bmi2, fma

Memory: 4k page, system-wide physical 20397M (10231M free)
TotalPageFile size 48974M (AvailPageFile size 217M)
current process WorkingSet (physical memory assigned to process): 10M, peak: 10M
current process commit charge ("private bytes"): 61M, peak: 381M

vm_info: Java HotSpot(TM) 64-Bit Server VM (13.0.1+9) for windows-amd64 JRE (13.0.1+9), built on Oct  6 2019 12:37:49 by "mach5one" with unknown MS VC++:1916

END.
