#
# There is insufficient memory for the Java Runtime Environment to continue.
# Native memory allocation (mmap) failed to map 335544320 bytes for Failed to commit area from 0x00000006c1400000 to 0x00000006d5400000 of length 335544320.
# Possible reasons:
#   The system is out of physical RAM or swap space
#   The process is running with CompressedOops enabled, and the Java Heap may be blocking the growth of the native heap
# Possible solutions:
#   Reduce memory load on the system
#   Increase physical memory or swap space
#   Check if swap backing store is full
#   Decrease Java heap size (-Xmx/-Xms)
#   Decrease number of Java threads
#   Decrease Java thread stack sizes (-Xss)
#   Set larger code cache with -XX:ReservedCodeCacheSize=
# This output file may be truncated or incomplete.
#
#  Out of Memory Error (t:/workspace/open/src/hotspot/os/windows/os_windows.cpp:3301), pid=24496, tid=24572
#
# JRE version:  (13.0.1+9) (build )
# Java VM: Java HotSpot(TM) 64-Bit Server VM (13.0.1+9, mixed mode, aot, sharing, tiered, compressed oops, g1 gc, windows-amd64)
# No core dump will be written. Minidumps are not enabled by default on client versions of Windows
#

---------------  S U M M A R Y ------------

Command Line: -Dfile.encoding=Cp1252 samsung

Host: Intel(R) Core(TM) i7-4700HQ CPU @ 2.40GHz, 8 cores, 19G,  Windows 10 , 64 bit Build 18362 (10.0.18362.329)
Time: Tue Mar 17 14:06:57 2020 Taipei Standard Time elapsed time: 0 seconds (0d 0h 0m 0s)

---------------  T H R E A D  ---------------

Current thread (0x000001694f4cc800):  JavaThread "Unknown thread" [_thread_in_vm, id=24572, stack(0x0000005d57900000,0x0000005d57a00000)]

Stack: [0x0000005d57900000,0x0000005d57a00000]
Native frames: (J=compiled Java code, j=interpreted, Vv=VM code, C=native code)
V  [jvm.dll+0x626eca]
V  [jvm.dll+0x772c6a]
V  [jvm.dll+0x77441f]
V  [jvm.dll+0x774a23]
V  [jvm.dll+0x24da58]
V  [jvm.dll+0x62438a]
V  [jvm.dll+0x618f75]
V  [jvm.dll+0x30c61c]
V  [jvm.dll+0x30c452]
V  [jvm.dll+0x311bc6]
V  [jvm.dll+0x355ce6]
V  [jvm.dll+0x3554c0]
V  [jvm.dll+0x2e729a]
V  [jvm.dll+0x2e8532]
V  [jvm.dll+0x74fcd8]
V  [jvm.dll+0x363739]
V  [jvm.dll+0x732dc5]
V  [jvm.dll+0x3ce2ef]
V  [jvm.dll+0x3d0611]
C  [jli.dll+0x51ff]
C  [ucrtbase.dll+0x20e72]
C  [KERNEL32.DLL+0x17bd4]
C  [ntdll.dll+0x6ced1]


---------------  P R O C E S S  ---------------

Threads class SMR info:
_java_thread_list=0x00007ff865ff46b8, length=0, elements={
}

Java Threads: ( => current thread )

Other Threads:
  0x000001694f54b000 GCTaskThread "GC Thread#0" [stack: 0x0000005d57a00000,0x0000005d57b00000] [id=23920]
  0x000001694f575000 ConcurrentGCThread "G1 Main Marker" [stack: 0x0000005d57b00000,0x0000005d57c00000] [id=25072]
  0x000001694f576000 ConcurrentGCThread "G1 Conc#0" [stack: 0x0000005d57c00000,0x0000005d57d00000] [id=24640]

[error occurred during error reporting (printing all threads), id 0xc0000005, EXCEPTION_ACCESS_VIOLATION (0xc0000005) at pc=0x00007ff865826f67]

VM state:not at safepoint (not fully initialized)

VM Mutex/Monitor currently owned by a thread:  ([mutex/lock_event])
[0x000001694f4c9ab0] Heap_lock - owner thread: 0x000001694f4cc800

Heap address: 0x00000006c1400000, size: 5100 MB, Compressed Oops mode: Non-zero based: 0x00000006c1400000
Narrow klass base: 0x0000000000000000, Narrow klass shift: 0

GC Heap History (0 events):
No events

Deoptimization events (0 events):
No events

Classes unloaded (0 events):
No events

Classes redefined (0 events):
No events

Internal exceptions (0 events):
No events

Events (8 events):
Event: 0.005 Loaded shared library C:\Program Files\Java\jdk-13.0.1\bin\zip.dll
Event: 0.005 Loaded shared library C:\Program Files\Java\jdk-13.0.1\bin\jimage.dll
Event: 0.006 Loading shared library C:\Program Files\Java\jdk-13.0.1\lib\libjava.base-coop.dll failed, error code 126
Event: 0.006 Loading shared library C:\Program Files\Java\jdk-13.0.1\lib\libjava.logging-coop.dll failed, error code 126
Event: 0.006 Loading shared library C:\Program Files\Java\jdk-13.0.1\lib\libjdk.compiler-coop.dll failed, error code 126
Event: 0.006 Loading shared library C:\Program Files\Java\jdk-13.0.1\lib\libjdk.scripting.nashorn-coop.dll failed, error code 126
Event: 0.006 Loading shared library C:\Program Files\Java\jdk-13.0.1\lib\libjdk.internal.vm.ci-coop.dll failed, error code 126
Event: 0.006 Loading shared library C:\Program Files\Java\jdk-13.0.1\lib\libjdk.internal.vm.compiler-coop.dll failed, error code 126


Dynamic libraries:
0x00007ff73b4d0000 - 0x00007ff73b4df000 	C:\Program Files\Java\jdk-13.0.1\bin\javaw.exe
0x00007ff89cdc0000 - 0x00007ff89cfb0000 	C:\Windows\SYSTEM32\ntdll.dll
0x00007ff89c870000 - 0x00007ff89c922000 	C:\Windows\System32\KERNEL32.DLL
0x00007ff89a040000 - 0x00007ff89a2e3000 	C:\Windows\System32\KERNELBASE.dll
0x00007ff899f10000 - 0x00007ff89a00a000 	C:\Windows\System32\ucrtbase.dll
0x00007ff893570000 - 0x00007ff893585000 	C:\Program Files\Java\jdk-13.0.1\bin\VCRUNTIME140.dll
0x00007ff893550000 - 0x00007ff893568000 	C:\Program Files\Java\jdk-13.0.1\bin\jli.dll
0x00007ff89b330000 - 0x00007ff89b3d3000 	C:\Windows\System32\ADVAPI32.dll
0x00007ff89ae70000 - 0x00007ff89af0e000 	C:\Windows\System32\msvcrt.dll
0x00007ff89b290000 - 0x00007ff89b327000 	C:\Windows\System32\sechost.dll
0x00007ff89c950000 - 0x00007ff89ca70000 	C:\Windows\System32\RPCRT4.dll
0x00007ff89cb80000 - 0x00007ff89cd14000 	C:\Windows\System32\USER32.dll
0x00007ff89a010000 - 0x00007ff89a031000 	C:\Windows\System32\win32u.dll
0x00007ff8896a0000 - 0x00007ff889925000 	C:\Windows\WinSxS\amd64_microsoft.windows.common-controls_6595b64144ccf1df_6.0.18362.720_none_e6beb5c51314836b\COMCTL32.dll
0x00007ff89b3e0000 - 0x00007ff89b406000 	C:\Windows\System32\GDI32.dll
0x00007ff89bd70000 - 0x00007ff89c0a6000 	C:\Windows\System32\combase.dll
0x00007ff899d50000 - 0x00007ff899ee4000 	C:\Windows\System32\gdi32full.dll
0x00007ff89adf0000 - 0x00007ff89ae70000 	C:\Windows\System32\bcryptPrimitives.dll
0x00007ff89a2f0000 - 0x00007ff89a38e000 	C:\Windows\System32\msvcp_win.dll
0x00007ff8937e0000 - 0x00007ff8937ea000 	C:\Windows\SYSTEM32\VERSION.dll
0x00007ff89cb50000 - 0x00007ff89cb7e000 	C:\Windows\System32\IMM32.DLL
0x00007ff882790000 - 0x00007ff88282b000 	C:\Program Files\Java\jdk-13.0.1\bin\msvcp140.dll
0x00007ff865530000 - 0x00007ff866096000 	C:\Program Files\Java\jdk-13.0.1\bin\server\jvm.dll
0x00007ff89c2e0000 - 0x00007ff89c2e8000 	C:\Windows\System32\PSAPI.DLL
0x00007ff88a030000 - 0x00007ff88a039000 	C:\Windows\SYSTEM32\WSOCK32.dll
0x00007ff897c30000 - 0x00007ff897c54000 	C:\Windows\SYSTEM32\WINMM.dll
0x00007ff89bbc0000 - 0x00007ff89bc2f000 	C:\Windows\System32\WS2_32.dll
0x00007ff8977b0000 - 0x00007ff8977dd000 	C:\Windows\SYSTEM32\winmmbase.dll
0x00007ff89a570000 - 0x00007ff89a5ba000 	C:\Windows\System32\cfgmgr32.dll
0x00007ff899ce0000 - 0x00007ff899cf1000 	C:\Windows\System32\kernel.appcore.dll
0x00007ff8899b0000 - 0x00007ff8899c0000 	C:\Program Files\Java\jdk-13.0.1\bin\verify.dll
0x00007ff883d10000 - 0x00007ff883f04000 	C:\Windows\SYSTEM32\DBGHELP.DLL
0x00007ff883af0000 - 0x00007ff883b1a000 	C:\Windows\SYSTEM32\dbgcore.DLL
0x00007ff87f140000 - 0x00007ff87f166000 	C:\Program Files\Java\jdk-13.0.1\bin\java.dll
0x00007ff887f50000 - 0x00007ff887f67000 	C:\Program Files\Java\jdk-13.0.1\bin\zip.dll
0x00007ff885460000 - 0x00007ff88546a000 	C:\Program Files\Java\jdk-13.0.1\bin\jimage.dll

dbghelp: loaded successfully - version: 4.0.5 - missing functions: none
symbol engine: initialized successfully - sym options: 0x614 - pdb path: .;C:\Program Files\Java\jdk-13.0.1\bin;C:\Windows\SYSTEM32;C:\Windows\WinSxS\amd64_microsoft.windows.common-controls_6595b64144ccf1df_6.0.18362.720_none_e6beb5c51314836b;C:\Program Files\Java\jdk-13.0.1\bin\server

VM Arguments:
jvm_args: -Dfile.encoding=Cp1252 
java_command: samsung
java_class_path (initial): C:\Users\kiero\eclipse-workspace\finals\bin;C:\Users\kiero\Desktop\mysql-connector.jar
Launcher Type: SUN_STANDARD

[Global flags]
     intx CICompilerCount                          = 4                                         {product} {ergonomic}
     uint ConcGCThreads                            = 2                                         {product} {ergonomic}
     uint G1ConcRefinementThreads                  = 8                                         {product} {ergonomic}
   size_t G1HeapRegionSize                         = 1048576                                   {product} {ergonomic}
    uintx GCDrainStackTargetSize                   = 64                                        {product} {ergonomic}
   size_t InitialHeapSize                          = 335544320                                 {product} {ergonomic}
   size_t MarkStackSize                            = 4194304                                   {product} {ergonomic}
   size_t MaxHeapSize                              = 5347737600                                {product} {ergonomic}
   size_t MinHeapDeltaBytes                        = 1048576                                   {product} {ergonomic}
   size_t MinHeapSize                              = 8388608                                   {product} {ergonomic}
    uintx NonNMethodCodeHeapSize                   = 5836300                                {pd product} {ergonomic}
    uintx NonProfiledCodeHeapSize                  = 122910970                              {pd product} {ergonomic}
    uintx ProfiledCodeHeapSize                     = 122910970                              {pd product} {ergonomic}
    uintx ReservedCodeCacheSize                    = 251658240                              {pd product} {ergonomic}
     bool SegmentedCodeCache                       = true                                      {product} {ergonomic}
   size_t SoftMaxHeapSize                          = 5347737600                             {manageable} {ergonomic}
     bool UseCompressedClassPointers               = true                                 {lp64_product} {ergonomic}
     bool UseCompressedOops                        = true                                 {lp64_product} {ergonomic}
     bool UseG1GC                                  = true                                      {product} {ergonomic}
     bool UseLargePagesIndividualAllocation        = false                                  {pd product} {ergonomic}

Logging:
Log output configuration:
 #0: stdout all=warning uptime,level,tags
 #1: stderr all=off uptime,level,tags

Environment Variables:
PATH=C:/Program Files/Java/jdk-13.0.1/bin/server;C:/Program Files/Java/jdk-13.0.1/bin;D:\app\kiero\product\11.2.0\client_1;C:\Windows\system32;C:\Windows;C:\Windows\System32\Wbem;C:\Windows\System32\WindowsPowerShell\v1.0\;C:\Windows\System32\OpenSSH\;C:\Program Files (x86)\NVIDIA Corporation\PhysX\Common;C:\Program Files\NVIDIA Corporation\NVIDIA NvDLISR;C:\Users\kiero\AppData\Local\Microsoft\WindowsApps;;C:\Windows\System32;
USERNAME=kiero
OS=Windows_NT
PROCESSOR_IDENTIFIER=Intel64 Family 6 Model 60 Stepping 3, GenuineIntel



---------------  S Y S T E M  ---------------

OS: Windows 10 , 64 bit Build 18362 (10.0.18362.329)

CPU:total 8 (initial active 8) (4 cores per cpu, 2 threads per core) family 6 model 60 stepping 3, cmov, cx8, fxsr, mmx, sse, sse2, sse3, ssse3, sse4.1, sse4.2, popcnt, avx, avx2, aes, clmul, erms, lzcnt, ht, tsc, tscinvbit, bmi1, bmi2, fma

Memory: 4k page, system-wide physical 20397M (10344M free)
TotalPageFile size 49014M (AvailPageFile size 296M)
current process WorkingSet (physical memory assigned to process): 10M, peak: 10M
current process commit charge ("private bytes"): 61M, peak: 381M

vm_info: Java HotSpot(TM) 64-Bit Server VM (13.0.1+9) for windows-amd64 JRE (13.0.1+9), built on Oct  6 2019 12:37:49 by "mach5one" with unknown MS VC++:1916

END.
