#
# There is insufficient memory for the Java Runtime Environment to continue.
# Native memory allocation (mmap) failed to map 335544320 bytes for Failed to commit area from 0x00000006c1400000 to 0x00000006d5400000 of length 335544320.
# Possible reasons:
#   The system is out of physical RAM or swap space
#   The process is running with CompressedOops enabled, and the Java Heap may be blocking the growth of the native heap
# Possible solutions:
#   Reduce memory load on the system
#   Increase physical memory or swap space
#   Check if swap backing store is full
#   Decrease Java heap size (-Xmx/-Xms)
#   Decrease number of Java threads
#   Decrease Java thread stack sizes (-Xss)
#   Set larger code cache with -XX:ReservedCodeCacheSize=
# This output file may be truncated or incomplete.
#
#  Out of Memory Error (t:/workspace/open/src/hotspot/os/windows/os_windows.cpp:3301), pid=24180, tid=24152
#
# JRE version:  (13.0.1+9) (build )
# Java VM: Java HotSpot(TM) 64-Bit Server VM (13.0.1+9, mixed mode, aot, sharing, tiered, compressed oops, g1 gc, windows-amd64)
# No core dump will be written. Minidumps are not enabled by default on client versions of Windows
#

---------------  S U M M A R Y ------------

Command Line: -Dfile.encoding=Cp1252 firstpage

Host: Intel(R) Core(TM) i7-4700HQ CPU @ 2.40GHz, 8 cores, 19G,  Windows 10 , 64 bit Build 18362 (10.0.18362.329)
Time: Tue Mar 10 13:02:14 2020 Taipei Standard Time elapsed time: 0 seconds (0d 0h 0m 0s)

---------------  T H R E A D  ---------------

Current thread (0x000001f60f7ac000):  JavaThread "Unknown thread" [_thread_in_vm, id=24152, stack(0x000000e725600000,0x000000e725700000)]

Stack: [0x000000e725600000,0x000000e725700000]
Native frames: (J=compiled Java code, j=interpreted, Vv=VM code, C=native code)
V  [jvm.dll+0x626eca]
V  [jvm.dll+0x772c6a]
V  [jvm.dll+0x77441f]
V  [jvm.dll+0x774a23]
V  [jvm.dll+0x24da58]
V  [jvm.dll+0x62438a]
V  [jvm.dll+0x618f75]
V  [jvm.dll+0x30c61c]
V  [jvm.dll+0x30c452]
V  [jvm.dll+0x311bc6]
V  [jvm.dll+0x355ce6]
V  [jvm.dll+0x3554c0]
V  [jvm.dll+0x2e729a]
V  [jvm.dll+0x2e8532]
V  [jvm.dll+0x74fcd8]
V  [jvm.dll+0x363739]
V  [jvm.dll+0x732dc5]
V  [jvm.dll+0x3ce2ef]
V  [jvm.dll+0x3d0611]
C  [jli.dll+0x51ff]
C  [ucrtbase.dll+0x20e72]
C  [KERNEL32.DLL+0x17bd4]
C  [ntdll.dll+0x6ced1]


---------------  P R O C E S S  ---------------

Threads class SMR info:
_java_thread_list=0x00007ffaaadd46b8, length=0, elements={
}

Java Threads: ( => current thread )

Other Threads:
  0x000001f60f828800 GCTaskThread "GC Thread#0" [stack: 0x000000e725700000,0x000000e725800000] [id=24440]
  0x000001f60f853800 ConcurrentGCThread "G1 Main Marker" [stack: 0x000000e725800000,0x000000e725900000] [id=24136]
  0x000001f60f855000 ConcurrentGCThread "G1 Conc#0" [stack: 0x000000e725900000,0x000000e725a00000] [id=22512]

[error occurred during error reporting (printing all threads), id 0xc0000005, EXCEPTION_ACCESS_VIOLATION (0xc0000005) at pc=0x00007ffaaa606f67]

VM state:not at safepoint (not fully initialized)

VM Mutex/Monitor currently owned by a thread:  ([mutex/lock_event])
[0x000001f60f7a7330] Heap_lock - owner thread: 0x000001f60f7ac000

Heap address: 0x00000006c1400000, size: 5100 MB, Compressed Oops mode: Non-zero based: 0x00000006c1400000
Narrow klass base: 0x0000000000000000, Narrow klass shift: 0

GC Heap History (0 events):
No events

Deoptimization events (0 events):
No events

Classes unloaded (0 events):
No events

Classes redefined (0 events):
No events

Internal exceptions (0 events):
No events

Events (8 events):
Event: 0.005 Loaded shared library C:\Program Files\Java\jdk-13.0.1\bin\zip.dll
Event: 0.006 Loaded shared library C:\Program Files\Java\jdk-13.0.1\bin\jimage.dll
Event: 0.007 Loading shared library C:\Program Files\Java\jdk-13.0.1\lib\libjava.base-coop.dll failed, error code 126
Event: 0.007 Loading shared library C:\Program Files\Java\jdk-13.0.1\lib\libjava.logging-coop.dll failed, error code 126
Event: 0.007 Loading shared library C:\Program Files\Java\jdk-13.0.1\lib\libjdk.compiler-coop.dll failed, error code 126
Event: 0.007 Loading shared library C:\Program Files\Java\jdk-13.0.1\lib\libjdk.scripting.nashorn-coop.dll failed, error code 126
Event: 0.007 Loading shared library C:\Program Files\Java\jdk-13.0.1\lib\libjdk.internal.vm.ci-coop.dll failed, error code 126
Event: 0.007 Loading shared library C:\Program Files\Java\jdk-13.0.1\lib\libjdk.internal.vm.compiler-coop.dll failed, error code 126


Dynamic libraries:
0x00007ff6bbd60000 - 0x00007ff6bbd6f000 	C:\Program Files\Java\jdk-13.0.1\bin\javaw.exe
0x00007ffadcd00000 - 0x00007ffadcef0000 	C:\Windows\SYSTEM32\ntdll.dll
0x00007ffadb7a0000 - 0x00007ffadb852000 	C:\Windows\System32\KERNEL32.DLL
0x00007ffad9e80000 - 0x00007ffada123000 	C:\Windows\System32\KERNELBASE.dll
0x00007ffadacb0000 - 0x00007ffadadaa000 	C:\Windows\System32\ucrtbase.dll
0x00007ffad56c0000 - 0x00007ffad56d8000 	C:\Program Files\Java\jdk-13.0.1\bin\jli.dll
0x00007ffad52c0000 - 0x00007ffad52d5000 	C:\Program Files\Java\jdk-13.0.1\bin\VCRUNTIME140.dll
0x00007ffadbb60000 - 0x00007ffadbc03000 	C:\Windows\System32\ADVAPI32.dll
0x00007ffadc7f0000 - 0x00007ffadc88e000 	C:\Windows\System32\msvcrt.dll
0x00007ffadb620000 - 0x00007ffadb6b7000 	C:\Windows\System32\sechost.dll
0x00007ffadc530000 - 0x00007ffadc650000 	C:\Windows\System32\RPCRT4.dll
0x00007ffadc650000 - 0x00007ffadc7e4000 	C:\Windows\System32\USER32.dll
0x00007ffad9cb0000 - 0x00007ffad9cd1000 	C:\Windows\System32\win32u.dll
0x00007ffaca700000 - 0x00007ffaca985000 	C:\Windows\WinSxS\amd64_microsoft.windows.common-controls_6595b64144ccf1df_6.0.18362.657_none_e6c5b579130e3898\COMCTL32.dll
0x00007ffadb520000 - 0x00007ffadb546000 	C:\Windows\System32\GDI32.dll
0x00007ffad9ce0000 - 0x00007ffad9e74000 	C:\Windows\System32\gdi32full.dll
0x00007ffadbca0000 - 0x00007ffadbfd6000 	C:\Windows\System32\combase.dll
0x00007ffada3b0000 - 0x00007ffada44e000 	C:\Windows\System32\msvcp_win.dll
0x00007ffada1e0000 - 0x00007ffada260000 	C:\Windows\System32\bcryptPrimitives.dll
0x00007ffad4490000 - 0x00007ffad449a000 	C:\Windows\SYSTEM32\VERSION.dll
0x00007ffadb770000 - 0x00007ffadb79e000 	C:\Windows\System32\IMM32.DLL
0x00007ffad3dd0000 - 0x00007ffad3e6b000 	C:\Program Files\Java\jdk-13.0.1\bin\msvcp140.dll
0x00007ffaaa310000 - 0x00007ffaaae76000 	C:\Program Files\Java\jdk-13.0.1\bin\server\jvm.dll
0x00007ffadc050000 - 0x00007ffadc058000 	C:\Windows\System32\PSAPI.DLL
0x00007ffad7e20000 - 0x00007ffad7e29000 	C:\Windows\SYSTEM32\WSOCK32.dll
0x00007ffad7d40000 - 0x00007ffad7d64000 	C:\Windows\SYSTEM32\WINMM.dll
0x00007ffadb5b0000 - 0x00007ffadb61f000 	C:\Windows\System32\WS2_32.dll
0x00007ffad7d10000 - 0x00007ffad7d3d000 	C:\Windows\SYSTEM32\winmmbase.dll
0x00007ffada190000 - 0x00007ffada1da000 	C:\Windows\System32\cfgmgr32.dll
0x00007ffad9c00000 - 0x00007ffad9c11000 	C:\Windows\System32\kernel.appcore.dll
0x00007ffad5c30000 - 0x00007ffad5c40000 	C:\Program Files\Java\jdk-13.0.1\bin\verify.dll
0x00007ffac4fd0000 - 0x00007ffac51c4000 	C:\Windows\SYSTEM32\DBGHELP.DLL
0x00007ffac4f00000 - 0x00007ffac4f2a000 	C:\Windows\SYSTEM32\dbgcore.DLL
0x00007ffad5890000 - 0x00007ffad58b6000 	C:\Program Files\Java\jdk-13.0.1\bin\java.dll
0x00007ffad58f0000 - 0x00007ffad5907000 	C:\Program Files\Java\jdk-13.0.1\bin\zip.dll
0x00007ffad5880000 - 0x00007ffad588a000 	C:\Program Files\Java\jdk-13.0.1\bin\jimage.dll

dbghelp: loaded successfully - version: 4.0.5 - missing functions: none
symbol engine: initialized successfully - sym options: 0x614 - pdb path: .;C:\Program Files\Java\jdk-13.0.1\bin;C:\Windows\SYSTEM32;C:\Windows\WinSxS\amd64_microsoft.windows.common-controls_6595b64144ccf1df_6.0.18362.657_none_e6c5b579130e3898;C:\Program Files\Java\jdk-13.0.1\bin\server

VM Arguments:
jvm_args: -Dfile.encoding=Cp1252 
java_command: firstpage
java_class_path (initial): C:\Users\kiero\eclipse-workspace\finals\bin;C:\Users\kiero\Desktop\mysql-connector.jar
Launcher Type: SUN_STANDARD

[Global flags]
     intx CICompilerCount                          = 4                                         {product} {ergonomic}
     uint ConcGCThreads                            = 2                                         {product} {ergonomic}
     uint G1ConcRefinementThreads                  = 8                                         {product} {ergonomic}
   size_t G1HeapRegionSize                         = 1048576                                   {product} {ergonomic}
    uintx GCDrainStackTargetSize                   = 64                                        {product} {ergonomic}
   size_t InitialHeapSize                          = 335544320                                 {product} {ergonomic}
   size_t MarkStackSize                            = 4194304                                   {product} {ergonomic}
   size_t MaxHeapSize                              = 5347737600                                {product} {ergonomic}
   size_t MinHeapDeltaBytes                        = 1048576                                   {product} {ergonomic}
   size_t MinHeapSize                              = 8388608                                   {product} {ergonomic}
    uintx NonNMethodCodeHeapSize                   = 5836300                                {pd product} {ergonomic}
    uintx NonProfiledCodeHeapSize                  = 122910970                              {pd product} {ergonomic}
    uintx ProfiledCodeHeapSize                     = 122910970                              {pd product} {ergonomic}
    uintx ReservedCodeCacheSize                    = 251658240                              {pd product} {ergonomic}
     bool SegmentedCodeCache                       = true                                      {product} {ergonomic}
   size_t SoftMaxHeapSize                          = 5347737600                             {manageable} {ergonomic}
     bool UseCompressedClassPointers               = true                                 {lp64_product} {ergonomic}
     bool UseCompressedOops                        = true                                 {lp64_product} {ergonomic}
     bool UseG1GC                                  = true                                      {product} {ergonomic}
     bool UseLargePagesIndividualAllocation        = false                                  {pd product} {ergonomic}

Logging:
Log output configuration:
 #0: stdout all=warning uptime,level,tags
 #1: stderr all=off uptime,level,tags

Environment Variables:
PATH=C:/Program Files/Java/jdk-13.0.1/bin/server;C:/Program Files/Java/jdk-13.0.1/bin;D:\app\kiero\product\11.2.0\client_1;C:\Windows\system32;C:\Windows;C:\Windows\System32\Wbem;C:\Windows\System32\WindowsPowerShell\v1.0\;C:\Windows\System32\OpenSSH\;C:\Program Files (x86)\NVIDIA Corporation\PhysX\Common;C:\Program Files\NVIDIA Corporation\NVIDIA NvDLISR;C:\Users\kiero\AppData\Local\Microsoft\WindowsApps;;C:\Users\kiero\Desktop;
USERNAME=kiero
OS=Windows_NT
PROCESSOR_IDENTIFIER=Intel64 Family 6 Model 60 Stepping 3, GenuineIntel



---------------  S Y S T E M  ---------------

OS: Windows 10 , 64 bit Build 18362 (10.0.18362.329)

CPU:total 8 (initial active 8) (4 cores per cpu, 2 threads per core) family 6 model 60 stepping 3, cmov, cx8, fxsr, mmx, sse, sse2, sse3, ssse3, sse4.1, sse4.2, popcnt, avx, avx2, aes, clmul, erms, lzcnt, ht, tsc, tscinvbit, bmi1, bmi2, fma

Memory: 4k page, system-wide physical 20397M (11773M free)
TotalPageFile size 49001M (AvailPageFile size 58M)
current process WorkingSet (physical memory assigned to process): 10M, peak: 10M
current process commit charge ("private bytes"): 61M, peak: 381M

vm_info: Java HotSpot(TM) 64-Bit Server VM (13.0.1+9) for windows-amd64 JRE (13.0.1+9), built on Oct  6 2019 12:37:49 by "mach5one" with unknown MS VC++:1916

END.
